<?xml version="1.0" encoding="UTF-8"?>
<testsuite name="DemoQA" tests="7" skipped="0" failures="7" errors="0" timestamp="2022-08-23T22:36:39" hostname="DESKTOP-7PSJJ0Q" time="1.019">
  <properties/>
  <testcase name="Scenario: Interact with the website #1" classname="DemoQA" time="0.554">
    <failure message="io.cucumber.junit.UndefinedStepException: The step &quot;that 'Anni' opens the browser and enter the page 'https://demoqa.com/'&quot; is undefined. You can implement it using the snippet(s) below:&#10;&#10;@Given(&quot;that {string} opens the browser and enter the page {string}&quot;)&#10;public void that_opens_the_browser_and_enter_the_page(String string, String string2) {&#10;    // Write code here that turns the phrase above into concrete actions&#10;    throw new io.cucumber.java.PendingException();&#10;}&#10;&#10;&#10;Some other steps were also undefined:&#10;&#10;@When(&quot;she selects the element option and the category Links with the links&quot;)&#10;public void she_selects_the_element_option_and_the_category_links_with_the_links(io.cucumber.datatable.DataTable dataTable) {&#10;    // Write code here that turns the phrase above into concrete actions&#10;    // For automatic transformation, change DataTable to one of&#10;    // E, List&lt;E&gt;, List&lt;List&lt;E&gt;&gt;, List&lt;Map&lt;K,V&gt;&gt;, Map&lt;K,V&gt; or&#10;    // Map&lt;K, List&lt;V&gt;&gt;. E,K,V must be a String, Integer, Float,&#10;    // Double, Byte, Short, Long, BigInteger or BigDecimal.&#10;    //&#10;    // For other transformations you can register a DataTableType.&#10;    throw new io.cucumber.java.PendingException();&#10;}&#10;@Then(&quot;she should see the new tab or text in the screen&quot;)&#10;public void she_should_see_the_new_tab_or_text_in_the_screen(io.cucumber.datatable.DataTable dataTable) {&#10;    // Write code here that turns the phrase above into concrete actions&#10;    // For automatic transformation, change DataTable to one of&#10;    // E, List&lt;E&gt;, List&lt;List&lt;E&gt;&gt;, List&lt;Map&lt;K,V&gt;&gt;, Map&lt;K,V&gt; or&#10;    // Map&lt;K, List&lt;V&gt;&gt;. E,K,V must be a String, Integer, Float,&#10;    // Double, Byte, Short, Long, BigInteger or BigDecimal.&#10;    //&#10;    // For other transformations you can register a DataTableType.&#10;    throw new io.cucumber.java.PendingException();&#10;}&#10;" type="io.cucumber.junit.UndefinedStepException">io.cucumber.junit.UndefinedStepException: The step &quot;that 'Anni' opens the browser and enter the page 'https://demoqa.com/'&quot; is undefined. You can implement it using the snippet(s) below:

@Given(&quot;that {string} opens the browser and enter the page {string}&quot;)
public void that_opens_the_browser_and_enter_the_page(String string, String string2) {
    // Write code here that turns the phrase above into concrete actions
    throw new io.cucumber.java.PendingException();
}


Some other steps were also undefined:

@When(&quot;she selects the element option and the category Links with the links&quot;)
public void she_selects_the_element_option_and_the_category_links_with_the_links(io.cucumber.datatable.DataTable dataTable) {
    // Write code here that turns the phrase above into concrete actions
    // For automatic transformation, change DataTable to one of
    // E, List&lt;E&gt;, List&lt;List&lt;E&gt;&gt;, List&lt;Map&lt;K,V&gt;&gt;, Map&lt;K,V&gt; or
    // Map&lt;K, List&lt;V&gt;&gt;. E,K,V must be a String, Integer, Float,
    // Double, Byte, Short, Long, BigInteger or BigDecimal.
    //
    // For other transformations you can register a DataTableType.
    throw new io.cucumber.java.PendingException();
}
@Then(&quot;she should see the new tab or text in the screen&quot;)
public void she_should_see_the_new_tab_or_text_in_the_screen(io.cucumber.datatable.DataTable dataTable) {
    // Write code here that turns the phrase above into concrete actions
    // For automatic transformation, change DataTable to one of
    // E, List&lt;E&gt;, List&lt;List&lt;E&gt;&gt;, List&lt;Map&lt;K,V&gt;&gt;, Map&lt;K,V&gt; or
    // Map&lt;K, List&lt;V&gt;&gt;. E,K,V must be a String, Integer, Float,
    // Double, Byte, Short, Long, BigInteger or BigDecimal.
    //
    // For other transformations you can register a DataTableType.
    throw new io.cucumber.java.PendingException();
}

</failure>
  </testcase>
  <testcase name="Scenario: Interact with the website #2" classname="DemoQA" time="0.064">
    <failure message="io.cucumber.junit.UndefinedStepException: The step &quot;that 'Anni' opens the browser and enter the page 'https://demoqa.com/'&quot; is undefined. You can implement it using the snippet(s) below:&#10;&#10;@Given(&quot;that {string} opens the browser and enter the page {string}&quot;)&#10;public void that_opens_the_browser_and_enter_the_page(String string, String string2) {&#10;    // Write code here that turns the phrase above into concrete actions&#10;    throw new io.cucumber.java.PendingException();&#10;}&#10;&#10;&#10;Some other steps were also undefined:&#10;&#10;@When(&quot;she selects the element option and the category Links with the links&quot;)&#10;public void she_selects_the_element_option_and_the_category_links_with_the_links(io.cucumber.datatable.DataTable dataTable) {&#10;    // Write code here that turns the phrase above into concrete actions&#10;    // For automatic transformation, change DataTable to one of&#10;    // E, List&lt;E&gt;, List&lt;List&lt;E&gt;&gt;, List&lt;Map&lt;K,V&gt;&gt;, Map&lt;K,V&gt; or&#10;    // Map&lt;K, List&lt;V&gt;&gt;. E,K,V must be a String, Integer, Float,&#10;    // Double, Byte, Short, Long, BigInteger or BigDecimal.&#10;    //&#10;    // For other transformations you can register a DataTableType.&#10;    throw new io.cucumber.java.PendingException();&#10;}&#10;@Then(&quot;she should see the new tab or text in the screen&quot;)&#10;public void she_should_see_the_new_tab_or_text_in_the_screen(io.cucumber.datatable.DataTable dataTable) {&#10;    // Write code here that turns the phrase above into concrete actions&#10;    // For automatic transformation, change DataTable to one of&#10;    // E, List&lt;E&gt;, List&lt;List&lt;E&gt;&gt;, List&lt;Map&lt;K,V&gt;&gt;, Map&lt;K,V&gt; or&#10;    // Map&lt;K, List&lt;V&gt;&gt;. E,K,V must be a String, Integer, Float,&#10;    // Double, Byte, Short, Long, BigInteger or BigDecimal.&#10;    //&#10;    // For other transformations you can register a DataTableType.&#10;    throw new io.cucumber.java.PendingException();&#10;}&#10;" type="io.cucumber.junit.UndefinedStepException">io.cucumber.junit.UndefinedStepException: The step &quot;that 'Anni' opens the browser and enter the page 'https://demoqa.com/'&quot; is undefined. You can implement it using the snippet(s) below:

@Given(&quot;that {string} opens the browser and enter the page {string}&quot;)
public void that_opens_the_browser_and_enter_the_page(String string, String string2) {
    // Write code here that turns the phrase above into concrete actions
    throw new io.cucumber.java.PendingException();
}


Some other steps were also undefined:

@When(&quot;she selects the element option and the category Links with the links&quot;)
public void she_selects_the_element_option_and_the_category_links_with_the_links(io.cucumber.datatable.DataTable dataTable) {
    // Write code here that turns the phrase above into concrete actions
    // For automatic transformation, change DataTable to one of
    // E, List&lt;E&gt;, List&lt;List&lt;E&gt;&gt;, List&lt;Map&lt;K,V&gt;&gt;, Map&lt;K,V&gt; or
    // Map&lt;K, List&lt;V&gt;&gt;. E,K,V must be a String, Integer, Float,
    // Double, Byte, Short, Long, BigInteger or BigDecimal.
    //
    // For other transformations you can register a DataTableType.
    throw new io.cucumber.java.PendingException();
}
@Then(&quot;she should see the new tab or text in the screen&quot;)
public void she_should_see_the_new_tab_or_text_in_the_screen(io.cucumber.datatable.DataTable dataTable) {
    // Write code here that turns the phrase above into concrete actions
    // For automatic transformation, change DataTable to one of
    // E, List&lt;E&gt;, List&lt;List&lt;E&gt;&gt;, List&lt;Map&lt;K,V&gt;&gt;, Map&lt;K,V&gt; or
    // Map&lt;K, List&lt;V&gt;&gt;. E,K,V must be a String, Integer, Float,
    // Double, Byte, Short, Long, BigInteger or BigDecimal.
    //
    // For other transformations you can register a DataTableType.
    throw new io.cucumber.java.PendingException();
}

</failure>
  </testcase>
  <testcase name="Scenario: Interact with the website #3" classname="DemoQA" time="0.079">
    <failure message="io.cucumber.junit.UndefinedStepException: The step &quot;that 'Anni' opens the browser and enter the page 'https://demoqa.com/'&quot; is undefined. You can implement it using the snippet(s) below:&#10;&#10;@Given(&quot;that {string} opens the browser and enter the page {string}&quot;)&#10;public void that_opens_the_browser_and_enter_the_page(String string, String string2) {&#10;    // Write code here that turns the phrase above into concrete actions&#10;    throw new io.cucumber.java.PendingException();&#10;}&#10;&#10;&#10;Some other steps were also undefined:&#10;&#10;@When(&quot;she selects the element option and the category Links with the links&quot;)&#10;public void she_selects_the_element_option_and_the_category_links_with_the_links(io.cucumber.datatable.DataTable dataTable) {&#10;    // Write code here that turns the phrase above into concrete actions&#10;    // For automatic transformation, change DataTable to one of&#10;    // E, List&lt;E&gt;, List&lt;List&lt;E&gt;&gt;, List&lt;Map&lt;K,V&gt;&gt;, Map&lt;K,V&gt; or&#10;    // Map&lt;K, List&lt;V&gt;&gt;. E,K,V must be a String, Integer, Float,&#10;    // Double, Byte, Short, Long, BigInteger or BigDecimal.&#10;    //&#10;    // For other transformations you can register a DataTableType.&#10;    throw new io.cucumber.java.PendingException();&#10;}&#10;@Then(&quot;she should see the new tab or text in the screen&quot;)&#10;public void she_should_see_the_new_tab_or_text_in_the_screen(io.cucumber.datatable.DataTable dataTable) {&#10;    // Write code here that turns the phrase above into concrete actions&#10;    // For automatic transformation, change DataTable to one of&#10;    // E, List&lt;E&gt;, List&lt;List&lt;E&gt;&gt;, List&lt;Map&lt;K,V&gt;&gt;, Map&lt;K,V&gt; or&#10;    // Map&lt;K, List&lt;V&gt;&gt;. E,K,V must be a String, Integer, Float,&#10;    // Double, Byte, Short, Long, BigInteger or BigDecimal.&#10;    //&#10;    // For other transformations you can register a DataTableType.&#10;    throw new io.cucumber.java.PendingException();&#10;}&#10;" type="io.cucumber.junit.UndefinedStepException">io.cucumber.junit.UndefinedStepException: The step &quot;that 'Anni' opens the browser and enter the page 'https://demoqa.com/'&quot; is undefined. You can implement it using the snippet(s) below:

@Given(&quot;that {string} opens the browser and enter the page {string}&quot;)
public void that_opens_the_browser_and_enter_the_page(String string, String string2) {
    // Write code here that turns the phrase above into concrete actions
    throw new io.cucumber.java.PendingException();
}


Some other steps were also undefined:

@When(&quot;she selects the element option and the category Links with the links&quot;)
public void she_selects_the_element_option_and_the_category_links_with_the_links(io.cucumber.datatable.DataTable dataTable) {
    // Write code here that turns the phrase above into concrete actions
    // For automatic transformation, change DataTable to one of
    // E, List&lt;E&gt;, List&lt;List&lt;E&gt;&gt;, List&lt;Map&lt;K,V&gt;&gt;, Map&lt;K,V&gt; or
    // Map&lt;K, List&lt;V&gt;&gt;. E,K,V must be a String, Integer, Float,
    // Double, Byte, Short, Long, BigInteger or BigDecimal.
    //
    // For other transformations you can register a DataTableType.
    throw new io.cucumber.java.PendingException();
}
@Then(&quot;she should see the new tab or text in the screen&quot;)
public void she_should_see_the_new_tab_or_text_in_the_screen(io.cucumber.datatable.DataTable dataTable) {
    // Write code here that turns the phrase above into concrete actions
    // For automatic transformation, change DataTable to one of
    // E, List&lt;E&gt;, List&lt;List&lt;E&gt;&gt;, List&lt;Map&lt;K,V&gt;&gt;, Map&lt;K,V&gt; or
    // Map&lt;K, List&lt;V&gt;&gt;. E,K,V must be a String, Integer, Float,
    // Double, Byte, Short, Long, BigInteger or BigDecimal.
    //
    // For other transformations you can register a DataTableType.
    throw new io.cucumber.java.PendingException();
}

</failure>
  </testcase>
  <testcase name="Scenario: Interact with the website #4" classname="DemoQA" time="0.09">
    <failure message="io.cucumber.junit.UndefinedStepException: The step &quot;that 'Anni' opens the browser and enter the page 'https://demoqa.com/'&quot; is undefined. You can implement it using the snippet(s) below:&#10;&#10;@Given(&quot;that {string} opens the browser and enter the page {string}&quot;)&#10;public void that_opens_the_browser_and_enter_the_page(String string, String string2) {&#10;    // Write code here that turns the phrase above into concrete actions&#10;    throw new io.cucumber.java.PendingException();&#10;}&#10;&#10;&#10;Some other steps were also undefined:&#10;&#10;@When(&quot;she selects the element option and the category Links with the links&quot;)&#10;public void she_selects_the_element_option_and_the_category_links_with_the_links(io.cucumber.datatable.DataTable dataTable) {&#10;    // Write code here that turns the phrase above into concrete actions&#10;    // For automatic transformation, change DataTable to one of&#10;    // E, List&lt;E&gt;, List&lt;List&lt;E&gt;&gt;, List&lt;Map&lt;K,V&gt;&gt;, Map&lt;K,V&gt; or&#10;    // Map&lt;K, List&lt;V&gt;&gt;. E,K,V must be a String, Integer, Float,&#10;    // Double, Byte, Short, Long, BigInteger or BigDecimal.&#10;    //&#10;    // For other transformations you can register a DataTableType.&#10;    throw new io.cucumber.java.PendingException();&#10;}&#10;@Then(&quot;she should see the new tab or text in the screen&quot;)&#10;public void she_should_see_the_new_tab_or_text_in_the_screen(io.cucumber.datatable.DataTable dataTable) {&#10;    // Write code here that turns the phrase above into concrete actions&#10;    // For automatic transformation, change DataTable to one of&#10;    // E, List&lt;E&gt;, List&lt;List&lt;E&gt;&gt;, List&lt;Map&lt;K,V&gt;&gt;, Map&lt;K,V&gt; or&#10;    // Map&lt;K, List&lt;V&gt;&gt;. E,K,V must be a String, Integer, Float,&#10;    // Double, Byte, Short, Long, BigInteger or BigDecimal.&#10;    //&#10;    // For other transformations you can register a DataTableType.&#10;    throw new io.cucumber.java.PendingException();&#10;}&#10;" type="io.cucumber.junit.UndefinedStepException">io.cucumber.junit.UndefinedStepException: The step &quot;that 'Anni' opens the browser and enter the page 'https://demoqa.com/'&quot; is undefined. You can implement it using the snippet(s) below:

@Given(&quot;that {string} opens the browser and enter the page {string}&quot;)
public void that_opens_the_browser_and_enter_the_page(String string, String string2) {
    // Write code here that turns the phrase above into concrete actions
    throw new io.cucumber.java.PendingException();
}


Some other steps were also undefined:

@When(&quot;she selects the element option and the category Links with the links&quot;)
public void she_selects_the_element_option_and_the_category_links_with_the_links(io.cucumber.datatable.DataTable dataTable) {
    // Write code here that turns the phrase above into concrete actions
    // For automatic transformation, change DataTable to one of
    // E, List&lt;E&gt;, List&lt;List&lt;E&gt;&gt;, List&lt;Map&lt;K,V&gt;&gt;, Map&lt;K,V&gt; or
    // Map&lt;K, List&lt;V&gt;&gt;. E,K,V must be a String, Integer, Float,
    // Double, Byte, Short, Long, BigInteger or BigDecimal.
    //
    // For other transformations you can register a DataTableType.
    throw new io.cucumber.java.PendingException();
}
@Then(&quot;she should see the new tab or text in the screen&quot;)
public void she_should_see_the_new_tab_or_text_in_the_screen(io.cucumber.datatable.DataTable dataTable) {
    // Write code here that turns the phrase above into concrete actions
    // For automatic transformation, change DataTable to one of
    // E, List&lt;E&gt;, List&lt;List&lt;E&gt;&gt;, List&lt;Map&lt;K,V&gt;&gt;, Map&lt;K,V&gt; or
    // Map&lt;K, List&lt;V&gt;&gt;. E,K,V must be a String, Integer, Float,
    // Double, Byte, Short, Long, BigInteger or BigDecimal.
    //
    // For other transformations you can register a DataTableType.
    throw new io.cucumber.java.PendingException();
}

</failure>
  </testcase>
  <testcase name="Scenario: Interact with the website #5" classname="DemoQA" time="0.098">
    <failure message="io.cucumber.junit.UndefinedStepException: The step &quot;that 'Anni' opens the browser and enter the page 'https://demoqa.com/'&quot; is undefined. You can implement it using the snippet(s) below:&#10;&#10;@Given(&quot;that {string} opens the browser and enter the page {string}&quot;)&#10;public void that_opens_the_browser_and_enter_the_page(String string, String string2) {&#10;    // Write code here that turns the phrase above into concrete actions&#10;    throw new io.cucumber.java.PendingException();&#10;}&#10;&#10;&#10;Some other steps were also undefined:&#10;&#10;@When(&quot;she selects the element option and the category Links with the links&quot;)&#10;public void she_selects_the_element_option_and_the_category_links_with_the_links(io.cucumber.datatable.DataTable dataTable) {&#10;    // Write code here that turns the phrase above into concrete actions&#10;    // For automatic transformation, change DataTable to one of&#10;    // E, List&lt;E&gt;, List&lt;List&lt;E&gt;&gt;, List&lt;Map&lt;K,V&gt;&gt;, Map&lt;K,V&gt; or&#10;    // Map&lt;K, List&lt;V&gt;&gt;. E,K,V must be a String, Integer, Float,&#10;    // Double, Byte, Short, Long, BigInteger or BigDecimal.&#10;    //&#10;    // For other transformations you can register a DataTableType.&#10;    throw new io.cucumber.java.PendingException();&#10;}&#10;@Then(&quot;she should see the new tab or text in the screen&quot;)&#10;public void she_should_see_the_new_tab_or_text_in_the_screen(io.cucumber.datatable.DataTable dataTable) {&#10;    // Write code here that turns the phrase above into concrete actions&#10;    // For automatic transformation, change DataTable to one of&#10;    // E, List&lt;E&gt;, List&lt;List&lt;E&gt;&gt;, List&lt;Map&lt;K,V&gt;&gt;, Map&lt;K,V&gt; or&#10;    // Map&lt;K, List&lt;V&gt;&gt;. E,K,V must be a String, Integer, Float,&#10;    // Double, Byte, Short, Long, BigInteger or BigDecimal.&#10;    //&#10;    // For other transformations you can register a DataTableType.&#10;    throw new io.cucumber.java.PendingException();&#10;}&#10;" type="io.cucumber.junit.UndefinedStepException">io.cucumber.junit.UndefinedStepException: The step &quot;that 'Anni' opens the browser and enter the page 'https://demoqa.com/'&quot; is undefined. You can implement it using the snippet(s) below:

@Given(&quot;that {string} opens the browser and enter the page {string}&quot;)
public void that_opens_the_browser_and_enter_the_page(String string, String string2) {
    // Write code here that turns the phrase above into concrete actions
    throw new io.cucumber.java.PendingException();
}


Some other steps were also undefined:

@When(&quot;she selects the element option and the category Links with the links&quot;)
public void she_selects_the_element_option_and_the_category_links_with_the_links(io.cucumber.datatable.DataTable dataTable) {
    // Write code here that turns the phrase above into concrete actions
    // For automatic transformation, change DataTable to one of
    // E, List&lt;E&gt;, List&lt;List&lt;E&gt;&gt;, List&lt;Map&lt;K,V&gt;&gt;, Map&lt;K,V&gt; or
    // Map&lt;K, List&lt;V&gt;&gt;. E,K,V must be a String, Integer, Float,
    // Double, Byte, Short, Long, BigInteger or BigDecimal.
    //
    // For other transformations you can register a DataTableType.
    throw new io.cucumber.java.PendingException();
}
@Then(&quot;she should see the new tab or text in the screen&quot;)
public void she_should_see_the_new_tab_or_text_in_the_screen(io.cucumber.datatable.DataTable dataTable) {
    // Write code here that turns the phrase above into concrete actions
    // For automatic transformation, change DataTable to one of
    // E, List&lt;E&gt;, List&lt;List&lt;E&gt;&gt;, List&lt;Map&lt;K,V&gt;&gt;, Map&lt;K,V&gt; or
    // Map&lt;K, List&lt;V&gt;&gt;. E,K,V must be a String, Integer, Float,
    // Double, Byte, Short, Long, BigInteger or BigDecimal.
    //
    // For other transformations you can register a DataTableType.
    throw new io.cucumber.java.PendingException();
}

</failure>
  </testcase>
  <testcase name="Scenario: Interact with the website #6" classname="DemoQA" time="0.076">
    <failure message="io.cucumber.junit.UndefinedStepException: The step &quot;that 'Anni' opens the browser and enter the page 'https://demoqa.com/'&quot; is undefined. You can implement it using the snippet(s) below:&#10;&#10;@Given(&quot;that {string} opens the browser and enter the page {string}&quot;)&#10;public void that_opens_the_browser_and_enter_the_page(String string, String string2) {&#10;    // Write code here that turns the phrase above into concrete actions&#10;    throw new io.cucumber.java.PendingException();&#10;}&#10;&#10;&#10;Some other steps were also undefined:&#10;&#10;@When(&quot;she selects the element option and the category Links with the links&quot;)&#10;public void she_selects_the_element_option_and_the_category_links_with_the_links(io.cucumber.datatable.DataTable dataTable) {&#10;    // Write code here that turns the phrase above into concrete actions&#10;    // For automatic transformation, change DataTable to one of&#10;    // E, List&lt;E&gt;, List&lt;List&lt;E&gt;&gt;, List&lt;Map&lt;K,V&gt;&gt;, Map&lt;K,V&gt; or&#10;    // Map&lt;K, List&lt;V&gt;&gt;. E,K,V must be a String, Integer, Float,&#10;    // Double, Byte, Short, Long, BigInteger or BigDecimal.&#10;    //&#10;    // For other transformations you can register a DataTableType.&#10;    throw new io.cucumber.java.PendingException();&#10;}&#10;@Then(&quot;she should see the new tab or text in the screen&quot;)&#10;public void she_should_see_the_new_tab_or_text_in_the_screen(io.cucumber.datatable.DataTable dataTable) {&#10;    // Write code here that turns the phrase above into concrete actions&#10;    // For automatic transformation, change DataTable to one of&#10;    // E, List&lt;E&gt;, List&lt;List&lt;E&gt;&gt;, List&lt;Map&lt;K,V&gt;&gt;, Map&lt;K,V&gt; or&#10;    // Map&lt;K, List&lt;V&gt;&gt;. E,K,V must be a String, Integer, Float,&#10;    // Double, Byte, Short, Long, BigInteger or BigDecimal.&#10;    //&#10;    // For other transformations you can register a DataTableType.&#10;    throw new io.cucumber.java.PendingException();&#10;}&#10;" type="io.cucumber.junit.UndefinedStepException">io.cucumber.junit.UndefinedStepException: The step &quot;that 'Anni' opens the browser and enter the page 'https://demoqa.com/'&quot; is undefined. You can implement it using the snippet(s) below:

@Given(&quot;that {string} opens the browser and enter the page {string}&quot;)
public void that_opens_the_browser_and_enter_the_page(String string, String string2) {
    // Write code here that turns the phrase above into concrete actions
    throw new io.cucumber.java.PendingException();
}


Some other steps were also undefined:

@When(&quot;she selects the element option and the category Links with the links&quot;)
public void she_selects_the_element_option_and_the_category_links_with_the_links(io.cucumber.datatable.DataTable dataTable) {
    // Write code here that turns the phrase above into concrete actions
    // For automatic transformation, change DataTable to one of
    // E, List&lt;E&gt;, List&lt;List&lt;E&gt;&gt;, List&lt;Map&lt;K,V&gt;&gt;, Map&lt;K,V&gt; or
    // Map&lt;K, List&lt;V&gt;&gt;. E,K,V must be a String, Integer, Float,
    // Double, Byte, Short, Long, BigInteger or BigDecimal.
    //
    // For other transformations you can register a DataTableType.
    throw new io.cucumber.java.PendingException();
}
@Then(&quot;she should see the new tab or text in the screen&quot;)
public void she_should_see_the_new_tab_or_text_in_the_screen(io.cucumber.datatable.DataTable dataTable) {
    // Write code here that turns the phrase above into concrete actions
    // For automatic transformation, change DataTable to one of
    // E, List&lt;E&gt;, List&lt;List&lt;E&gt;&gt;, List&lt;Map&lt;K,V&gt;&gt;, Map&lt;K,V&gt; or
    // Map&lt;K, List&lt;V&gt;&gt;. E,K,V must be a String, Integer, Float,
    // Double, Byte, Short, Long, BigInteger or BigDecimal.
    //
    // For other transformations you can register a DataTableType.
    throw new io.cucumber.java.PendingException();
}

</failure>
  </testcase>
  <testcase name="Scenario: Interact with the website #7" classname="DemoQA" time="0.053">
    <failure message="io.cucumber.junit.UndefinedStepException: The step &quot;that 'Anni' opens the browser and enter the page 'https://demoqa.com/'&quot; is undefined. You can implement it using the snippet(s) below:&#10;&#10;@Given(&quot;that {string} opens the browser and enter the page {string}&quot;)&#10;public void that_opens_the_browser_and_enter_the_page(String string, String string2) {&#10;    // Write code here that turns the phrase above into concrete actions&#10;    throw new io.cucumber.java.PendingException();&#10;}&#10;&#10;&#10;Some other steps were also undefined:&#10;&#10;@When(&quot;she selects the element option and the category Links with the links&quot;)&#10;public void she_selects_the_element_option_and_the_category_links_with_the_links(io.cucumber.datatable.DataTable dataTable) {&#10;    // Write code here that turns the phrase above into concrete actions&#10;    // For automatic transformation, change DataTable to one of&#10;    // E, List&lt;E&gt;, List&lt;List&lt;E&gt;&gt;, List&lt;Map&lt;K,V&gt;&gt;, Map&lt;K,V&gt; or&#10;    // Map&lt;K, List&lt;V&gt;&gt;. E,K,V must be a String, Integer, Float,&#10;    // Double, Byte, Short, Long, BigInteger or BigDecimal.&#10;    //&#10;    // For other transformations you can register a DataTableType.&#10;    throw new io.cucumber.java.PendingException();&#10;}&#10;@Then(&quot;she should see the new tab or text in the screen&quot;)&#10;public void she_should_see_the_new_tab_or_text_in_the_screen(io.cucumber.datatable.DataTable dataTable) {&#10;    // Write code here that turns the phrase above into concrete actions&#10;    // For automatic transformation, change DataTable to one of&#10;    // E, List&lt;E&gt;, List&lt;List&lt;E&gt;&gt;, List&lt;Map&lt;K,V&gt;&gt;, Map&lt;K,V&gt; or&#10;    // Map&lt;K, List&lt;V&gt;&gt;. E,K,V must be a String, Integer, Float,&#10;    // Double, Byte, Short, Long, BigInteger or BigDecimal.&#10;    //&#10;    // For other transformations you can register a DataTableType.&#10;    throw new io.cucumber.java.PendingException();&#10;}&#10;" type="io.cucumber.junit.UndefinedStepException">io.cucumber.junit.UndefinedStepException: The step &quot;that 'Anni' opens the browser and enter the page 'https://demoqa.com/'&quot; is undefined. You can implement it using the snippet(s) below:

@Given(&quot;that {string} opens the browser and enter the page {string}&quot;)
public void that_opens_the_browser_and_enter_the_page(String string, String string2) {
    // Write code here that turns the phrase above into concrete actions
    throw new io.cucumber.java.PendingException();
}


Some other steps were also undefined:

@When(&quot;she selects the element option and the category Links with the links&quot;)
public void she_selects_the_element_option_and_the_category_links_with_the_links(io.cucumber.datatable.DataTable dataTable) {
    // Write code here that turns the phrase above into concrete actions
    // For automatic transformation, change DataTable to one of
    // E, List&lt;E&gt;, List&lt;List&lt;E&gt;&gt;, List&lt;Map&lt;K,V&gt;&gt;, Map&lt;K,V&gt; or
    // Map&lt;K, List&lt;V&gt;&gt;. E,K,V must be a String, Integer, Float,
    // Double, Byte, Short, Long, BigInteger or BigDecimal.
    //
    // For other transformations you can register a DataTableType.
    throw new io.cucumber.java.PendingException();
}
@Then(&quot;she should see the new tab or text in the screen&quot;)
public void she_should_see_the_new_tab_or_text_in_the_screen(io.cucumber.datatable.DataTable dataTable) {
    // Write code here that turns the phrase above into concrete actions
    // For automatic transformation, change DataTable to one of
    // E, List&lt;E&gt;, List&lt;List&lt;E&gt;&gt;, List&lt;Map&lt;K,V&gt;&gt;, Map&lt;K,V&gt; or
    // Map&lt;K, List&lt;V&gt;&gt;. E,K,V must be a String, Integer, Float,
    // Double, Byte, Short, Long, BigInteger or BigDecimal.
    //
    // For other transformations you can register a DataTableType.
    throw new io.cucumber.java.PendingException();
}

</failure>
  </testcase>
  <system-out><![CDATA[?[92m|-- Example 1: {Link=Created, Number=201, Message=Created}?[0m
?[92m|---- Given that 'Anni' opens the browser and enter the page 'https://demoqa.com/'?[0m
Step argument class io.cucumber.core.gherkin.messages.GherkinMessagesDataTableArgument
?[92m|---- When she selects the element option and the category Links with the links
| Link | Created |
| Number | 201 |
| Message | Created |?[0m
Step argument class io.cucumber.core.gherkin.messages.GherkinMessagesDataTableArgument
?[92m|---- Then she should see the new tab or text in the screen
| Link | Created |
| Number | 201 |
| Message | Created |?[0m
?[92m|-- Example 2: {Link=No content, Number=204, Message=No Content}?[0m
?[92m|---- Given that 'Anni' opens the browser and enter the page 'https://demoqa.com/'?[0m
Step argument class io.cucumber.core.gherkin.messages.GherkinMessagesDataTableArgument
?[92m|---- When she selects the element option and the category Links with the links
| Link | No content |
| Number | 204 |
| Message | No Content |?[0m
Step argument class io.cucumber.core.gherkin.messages.GherkinMessagesDataTableArgument
?[92m|---- Then she should see the new tab or text in the screen
| Link | No content |
| Number | 204 |
| Message | No Content |?[0m
?[92m|-- Example 3: {Link=Moved, Number=301, Message=Moved Permanently}?[0m
?[92m|---- Given that 'Anni' opens the browser and enter the page 'https://demoqa.com/'?[0m
Step argument class io.cucumber.core.gherkin.messages.GherkinMessagesDataTableArgument
?[92m|---- When she selects the element option and the category Links with the links
| Link | Moved |
| Number | 301 |
| Message | Moved Permanently |?[0m
Step argument class io.cucumber.core.gherkin.messages.GherkinMessagesDataTableArgument
?[92m|---- Then she should see the new tab or text in the screen
| Link | Moved |
| Number | 301 |
| Message | Moved Permanently |?[0m
?[92m|-- Example 4: {Link=Bad request, Number=400, Message=Bad Request}?[0m
?[92m|---- Given that 'Anni' opens the browser and enter the page 'https://demoqa.com/'?[0m
Step argument class io.cucumber.core.gherkin.messages.GherkinMessagesDataTableArgument
?[92m|---- When she selects the element option and the category Links with the links
| Link | Bad request |
| Number | 400 |
| Message | Bad Request |?[0m
Step argument class io.cucumber.core.gherkin.messages.GherkinMessagesDataTableArgument
?[92m|---- Then she should see the new tab or text in the screen
| Link | Bad request |
| Number | 400 |
| Message | Bad Request |?[0m
?[92m|-- Example 5: {Link=Unauthorized, Number=401, Message=Unauthorized}?[0m
?[92m|---- Given that 'Anni' opens the browser and enter the page 'https://demoqa.com/'?[0m
Step argument class io.cucumber.core.gherkin.messages.GherkinMessagesDataTableArgument
?[92m|---- When she selects the element option and the category Links with the links
| Link | Unauthorized |
| Number | 401 |
| Message | Unauthorized |?[0m
Step argument class io.cucumber.core.gherkin.messages.GherkinMessagesDataTableArgument
?[92m|---- Then she should see the new tab or text in the screen
| Link | Unauthorized |
| Number | 401 |
| Message | Unauthorized |?[0m
?[92m|-- Example 6: {Link=Forbidden, Number=403, Message=Forbidden}?[0m
?[92m|---- Given that 'Anni' opens the browser and enter the page 'https://demoqa.com/'?[0m
Step argument class io.cucumber.core.gherkin.messages.GherkinMessagesDataTableArgument
?[92m|---- When she selects the element option and the category Links with the links
| Link | Forbidden |
| Number | 403 |
| Message | Forbidden |?[0m
Step argument class io.cucumber.core.gherkin.messages.GherkinMessagesDataTableArgument
?[92m|---- Then she should see the new tab or text in the screen
| Link | Forbidden |
| Number | 403 |
| Message | Forbidden |?[0m
?[92m|-- Example 7: {Link=Not found, Number=404, Message=Not Found}?[0m
?[92m|---- Given that 'Anni' opens the browser and enter the page 'https://demoqa.com/'?[0m
Step argument class io.cucumber.core.gherkin.messages.GherkinMessagesDataTableArgument
?[92m|---- When she selects the element option and the category Links with the links
| Link | Not found |
| Number | 404 |
| Message | Not Found |?[0m
Step argument class io.cucumber.core.gherkin.messages.GherkinMessagesDataTableArgument
?[92m|---- Then she should see the new tab or text in the screen
| Link | Not found |
| Number | 404 |
| Message | Not Found |?[0m
]]></system-out>
  <system-err><![CDATA[[Test worker] INFO io.cucumber.core.plugin.SerenityReporter - Running feature from file:///C:/Users/SENA/IdeaProjects/pLinks/src/test/resources/features/plinks.feature
[Test worker] WARN io.cucumber.core.plugin.SerenityReporter - Feature from file:///C:/Users/SENA/IdeaProjects/pLinks/src/test/resources/features/plinks.feature is not under the 'features' directory. Requirements report will not be correctly generated!
[Test worker] INFO  - 
  _____   ___   ___   _____     ___   _____     _     ___   _____   ___   ___  
 |_   _| | __| / __| |_   _|   / __| |_   _|   /_\   | _ \ |_   _| | __| |   \ 
   | |   | _|  \__ \   | |     \__ \   | |    / _ \  |   /   | |   | _|  | |) |
   |_|   |___| |___/   |_|     |___/   |_|   /_/ \_\ |_|_\   |_|   |___| |___/ 

Scenario: Interact with the website(demoqa;scenario:-interact-with-the-website)
--------------------------------------------------------------------------------
[Test worker] INFO  - ?[96m      -> STEP IS PENDING?[0m
[Test worker] INFO  - ?[33m      -> STEP IGNORED?[0m
[Test worker] INFO  - ?[33m      -> STEP IGNORED?[0m
[Test worker] INFO  - ?[96m
  _____   ___   ___   _____     ___   ___   _  _   ___    ___   _  _    ___ 
 |_   _| | __| / __| |_   _|   | _ \ | __| | \| | |   \  |_ _| | \| |  / __|
   | |   | _|  \__ \   | |     |  _/ | _|  | .` | | |) |  | |  | .` | | (_ |
   |_|   |___| |___/   |_|     |_|   |___| |_|\_| |___/  |___| |_|\_|  \___|

Scenario
-----------------------------------------------------------------------------?[0m
[Test worker] INFO io.cucumber.core.plugin.SerenityReporter - Running feature from file:///C:/Users/SENA/IdeaProjects/pLinks/src/test/resources/features/plinks.feature
[Test worker] WARN io.cucumber.core.plugin.SerenityReporter - Feature from file:///C:/Users/SENA/IdeaProjects/pLinks/src/test/resources/features/plinks.feature is not under the 'features' directory. Requirements report will not be correctly generated!
[Test worker] INFO  - ?[96m      -> STEP IS PENDING?[0m
[Test worker] INFO  - ?[33m      -> STEP IGNORED?[0m
[Test worker] INFO  - ?[33m      -> STEP IGNORED?[0m
[Test worker] INFO  - ?[96m
  _____   ___   ___   _____     ___   ___   _  _   ___    ___   _  _    ___ 
 |_   _| | __| / __| |_   _|   | _ \ | __| | \| | |   \  |_ _| | \| |  / __|
   | |   | _|  \__ \   | |     |  _/ | _|  | .` | | |) |  | |  | .` | | (_ |
   |_|   |___| |___/   |_|     |_|   |___| |_|\_| |___/  |___| |_|\_|  \___|

Scenario
-----------------------------------------------------------------------------?[0m
[Test worker] INFO io.cucumber.core.plugin.SerenityReporter - Running feature from file:///C:/Users/SENA/IdeaProjects/pLinks/src/test/resources/features/plinks.feature
[Test worker] WARN io.cucumber.core.plugin.SerenityReporter - Feature from file:///C:/Users/SENA/IdeaProjects/pLinks/src/test/resources/features/plinks.feature is not under the 'features' directory. Requirements report will not be correctly generated!
[Test worker] INFO  - ?[96m      -> STEP IS PENDING?[0m
[Test worker] INFO  - ?[33m      -> STEP IGNORED?[0m
[Test worker] INFO  - ?[33m      -> STEP IGNORED?[0m
[Test worker] INFO io.cucumber.core.plugin.SerenityReporter - Running feature from file:///C:/Users/SENA/IdeaProjects/pLinks/src/test/resources/features/plinks.feature
[Test worker] WARN io.cucumber.core.plugin.SerenityReporter - Feature from file:///C:/Users/SENA/IdeaProjects/pLinks/src/test/resources/features/plinks.feature is not under the 'features' directory. Requirements report will not be correctly generated!
[Test worker] INFO  - ?[96m      -> STEP IS PENDING?[0m
[Test worker] INFO  - ?[33m      -> STEP IGNORED?[0m
[Test worker] INFO  - ?[33m      -> STEP IGNORED?[0m
[Test worker] INFO io.cucumber.core.plugin.SerenityReporter - Running feature from file:///C:/Users/SENA/IdeaProjects/pLinks/src/test/resources/features/plinks.feature
[Test worker] WARN io.cucumber.core.plugin.SerenityReporter - Feature from file:///C:/Users/SENA/IdeaProjects/pLinks/src/test/resources/features/plinks.feature is not under the 'features' directory. Requirements report will not be correctly generated!
[Test worker] INFO  - ?[96m      -> STEP IS PENDING?[0m
[Test worker] INFO  - ?[33m      -> STEP IGNORED?[0m
[Test worker] INFO  - ?[33m      -> STEP IGNORED?[0m
[Test worker] INFO io.cucumber.core.plugin.SerenityReporter - Running feature from file:///C:/Users/SENA/IdeaProjects/pLinks/src/test/resources/features/plinks.feature
[Test worker] WARN io.cucumber.core.plugin.SerenityReporter - Feature from file:///C:/Users/SENA/IdeaProjects/pLinks/src/test/resources/features/plinks.feature is not under the 'features' directory. Requirements report will not be correctly generated!
[Test worker] INFO  - ?[96m      -> STEP IS PENDING?[0m
[Test worker] INFO  - ?[33m      -> STEP IGNORED?[0m
[Test worker] INFO  - ?[33m      -> STEP IGNORED?[0m
[Test worker] INFO io.cucumber.core.plugin.SerenityReporter - Running feature from file:///C:/Users/SENA/IdeaProjects/pLinks/src/test/resources/features/plinks.feature
[Test worker] WARN io.cucumber.core.plugin.SerenityReporter - Feature from file:///C:/Users/SENA/IdeaProjects/pLinks/src/test/resources/features/plinks.feature is not under the 'features' directory. Requirements report will not be correctly generated!
[Test worker] INFO  - ?[96m      -> STEP IS PENDING?[0m
[Test worker] INFO  - ?[33m      -> STEP IGNORED?[0m
[Test worker] INFO  - ?[33m      -> STEP IGNORED?[0m
]]></system-err>
</testsuite>
