<?xml version="1.0" encoding="UTF-8"?>
<testsuite name="co.com.p.links.runners.PLinksRunner" tests="0" skipped="0" failures="0" errors="0" timestamp="1970-01-01T00:00:00" hostname="DESKTOP-7PSJJ0Q" time="0.0">
  <properties/>
  <system-out><![CDATA[
?[33mUndefined scenarios:?[0m
file:///C:/Users/SENA/IdeaProjects/pLinks/src/test/resources/features/plinks.feature:17 # Scenario: Interact with the website
file:///C:/Users/SENA/IdeaProjects/pLinks/src/test/resources/features/plinks.feature:18 # Scenario: Interact with the website
file:///C:/Users/SENA/IdeaProjects/pLinks/src/test/resources/features/plinks.feature:19 # Scenario: Interact with the website
file:///C:/Users/SENA/IdeaProjects/pLinks/src/test/resources/features/plinks.feature:20 # Scenario: Interact with the website
file:///C:/Users/SENA/IdeaProjects/pLinks/src/test/resources/features/plinks.feature:21 # Scenario: Interact with the website
file:///C:/Users/SENA/IdeaProjects/pLinks/src/test/resources/features/plinks.feature:22 # Scenario: Interact with the website
file:///C:/Users/SENA/IdeaProjects/pLinks/src/test/resources/features/plinks.feature:23 # Scenario: Interact with the website

7 Scenarios (?[33m7 undefined?[0m)
21 Steps (?[36m14 skipped?[0m, ?[33m7 undefined?[0m)
0m1,320s


You can implement missing steps with the snippets below:

@Given("that {string} opens the browser and enter the page {string}")
public void that_opens_the_browser_and_enter_the_page(String string, String string2) {
    // Write code here that turns the phrase above into concrete actions
    throw new io.cucumber.java.PendingException();
}

@When("she selects the element option and the category Links with the links")
public void she_selects_the_element_option_and_the_category_links_with_the_links(io.cucumber.datatable.DataTable dataTable) {
    // Write code here that turns the phrase above into concrete actions
    // For automatic transformation, change DataTable to one of
    // E, List<E>, List<List<E>>, List<Map<K,V>>, Map<K,V> or
    // Map<K, List<V>>. E,K,V must be a String, Integer, Float,
    // Double, Byte, Short, Long, BigInteger or BigDecimal.
    //
    // For other transformations you can register a DataTableType.
    throw new io.cucumber.java.PendingException();
}

@Then("she should see the new tab or text in the screen")
public void she_should_see_the_new_tab_or_text_in_the_screen(io.cucumber.datatable.DataTable dataTable) {
    // Write code here that turns the phrase above into concrete actions
    // For automatic transformation, change DataTable to one of
    // E, List<E>, List<List<E>>, List<Map<K,V>>, Map<K,V> or
    // Map<K, List<V>>. E,K,V must be a String, Integer, Float,
    // Double, Byte, Short, Long, BigInteger or BigDecimal.
    //
    // For other transformations you can register a DataTableType.
    throw new io.cucumber.java.PendingException();
}


]]></system-out>
  <system-err><![CDATA[[Test worker] INFO io.cucumber.core.plugin.SerenityReporter - Running feature from file:///C:/Users/SENA/IdeaProjects/pLinks/src/test/resources/features/plinks.feature
[Test worker] WARN io.cucumber.core.plugin.SerenityReporter - Feature from file:///C:/Users/SENA/IdeaProjects/pLinks/src/test/resources/features/plinks.feature is not under the 'features' directory. Requirements report will not be correctly generated!
[Test worker] INFO  - ?[96m

-------------------------------------------------------------------------------------
     _______. _______ .______       _______ .__   __.  __  .___________.____    ____ 
    /       ||   ____||   _  \     |   ____||  \ |  | |  | |           |\   \  /   / 
   |   (----`|  |__   |  |_)  |    |  |__   |   \|  | |  | `---|  |----` \   \/   /  
    \   \    |   __|  |      /     |   __|  |  . `  | |  |     |  |       \_    _/   
.----)   |   |  |____ |  |\  \----.|  |____ |  |\   | |  |     |  |         |  |     
|_______/    |_______|| _| `._____||_______||__| \__| |__|     |__|         |__|    
                                                                                     
 News and tutorials at http://www.serenity-bdd.info                                  
 Documentation at https://wakaleo.gitbooks.io/the-serenity-book/content/             
 Join the Serenity Community on Gitter: https://gitter.im/serenity-bdd/serenity-core 
 Serenity BDD Support and Training at http://serenity-bdd.info/#/trainingandsupport  
-------------------------------------------------------------------------------------
?[0m
[Test worker] INFO  - Test Suite Started: Demo QA
[pool-1-thread-1] INFO net.thucydides.core.reports.ReportService - net.thucydides.core.reports.json.JSONTestOutcomeReporter@5d7ca698: Generating report for test outcome: DemoQA:Scenario: Interact with the website
[pool-2-thread-1] INFO net.thucydides.core.reports.ReportService - net.thucydides.core.reports.html.HtmlAcceptanceTestReporter@467b684d: Generating report for test outcome: DemoQA:Scenario: Interact with the website
[pool-2-thread-1] INFO serenity.reporting - 
--------------------------------------------------
| TEST NAME:   ?[1mScenario: Interact with the website?[0m
| RESULT:      ?[96mPending?[0m
| REQUIREMENT: DemoQA
| REPORT:      ?[96mfile:///C:/Users/SENA/IdeaProjects/pLinks/target/site/serenity/d200d74b4f2dd3429e38bcc499d72446774390f3f5f2cafcfbb131f04d2cd729.html?[0m
--------------------------------------------------
]]></system-err>
</testsuite>
